<?xml version="1.0" encoding="UTF-8"?>
<testng-results ignored="0" total="1" passed="1" failed="0" skipped="0">
  <reporter-output>
    <line>
      <![CDATA[Add Class]]>
    </line>
  </reporter-output>
  <suite started-at="2025-02-24T19:37:33 IST" name="Default suite" finished-at="2025-02-24T19:37:33 IST" duration-ms="88">
    <groups>
    </groups>
    <test started-at="2025-02-24T19:37:33 IST" name="Default test" finished-at="2025-02-24T19:37:33 IST" duration-ms="88">
      <class name="GitHub.AddClass">
        <test-method signature="demo()[pri:0, instance:GitHub.AddClass@6150c3ec]" started-at="2025-02-24T19:37:33 IST" name="demo" finished-at="2025-02-24T19:37:33 IST" duration-ms="17" status="PASS">
          <reporter-output>
            <line>
              <![CDATA[Add Class]]>
            </line>
          </reporter-output>
        </test-method> <!-- demo -->
      </class> <!-- GitHub.AddClass -->
    </test> <!-- Default test -->
  </suite> <!-- Default suite -->
</testng-results>
